[debug] [2023-01-10T22:10:22.075Z] ----------------------------------------------------------------------
[debug] [2023-01-10T22:10:22.076Z] Command:       /usr/local/bin/node /usr/local/bin/firebase init
[debug] [2023-01-10T22:10:22.076Z] CLI Version:   11.20.0
[debug] [2023-01-10T22:10:22.076Z] Platform:      darwin
[debug] [2023-01-10T22:10:22.076Z] Node Version:  v16.17.0
[debug] [2023-01-10T22:10:22.077Z] Time:          Tue Jan 10 2023 14:10:22 GMT-0800 (Pacific Standard Time)
[debug] [2023-01-10T22:10:22.077Z] ----------------------------------------------------------------------
[debug] 
[debug] [2023-01-10T22:10:22.081Z] > command requires scopes: ["email","openid","https://www.googleapis.com/auth/cloudplatformprojects.readonly","https://www.googleapis.com/auth/firebase","https://www.googleapis.com/auth/cloud-platform"]
[debug] [2023-01-10T22:10:22.081Z] > authorizing via signed-in user (simonquach.tech@gmail.com)
[info] 
     ######## #### ########  ######## ########     ###     ######  ########
     ##        ##  ##     ## ##       ##     ##  ##   ##  ##       ##
     ######    ##  ########  ######   ########  #########  ######  ######
     ##        ##  ##    ##  ##       ##     ## ##     ##       ## ##
     ##       #### ##     ## ######## ########  ##     ##  ######  ########

You're about to initialize a Firebase project in this directory:

  /Users/simonquach/Documents/vs-code/recipe-search-api

[info] 
=== Project Setup
[info] 
[info] First, let's associate this project directory with a Firebase project.
[info] You can create multiple project aliases by running firebase use --add, 
[info] but for now we'll just set up a default project.
[info] 
[debug] [2023-01-10T22:10:35.589Z] >>> [apiv2][query] GET https://firebase.googleapis.com/v1beta1/projects pageSize=100
[debug] [2023-01-10T22:10:36.093Z] <<< [apiv2][status] GET https://firebase.googleapis.com/v1beta1/projects 200
[debug] [2023-01-10T22:10:36.093Z] <<< [apiv2][body] GET https://firebase.googleapis.com/v1beta1/projects [omitted]
[info] i  Using project search-that-recipe (search-that-recipe) 
[info] 
=== Hosting Setup
[info] 
[info] Your public directory is the folder (relative to your project directory) that
[info] will contain Hosting assets to be uploaded with firebase deploy. If you
[info] have a build process for your assets, use your build's output directory.
[info] 
